0 info it worked if it ends with ok
1 verbose cli [ '/usr/local/bin/node', '/usr/local/bin/npm', 'run', 'watch' ]
2 info using npm@3.10.9
3 info using node@v5.6.0
4 verbose run-script [ 'prewatch', 'watch', 'postwatch' ]
5 info lifecycle salt-agency@1.0.0~prewatch: salt-agency@1.0.0
6 silly lifecycle salt-agency@1.0.0~prewatch: no script for prewatch, continuing
7 info lifecycle salt-agency@1.0.0~watch: salt-agency@1.0.0
8 verbose lifecycle salt-agency@1.0.0~watch: unsafe-perm in lifecycle true
9 verbose lifecycle salt-agency@1.0.0~watch: PATH: /usr/local/lib/node_modules/npm/bin/node-gyp-bin:/Users/devanflaherty/Repositories/Salt/jekyll-site/node_modules/.bin:/Users/devanflaherty/.rbenv/shims:/usr/local/bin:/usr/bin:/bin:/usr/sbin:/sbin:/usr/local/bin
10 verbose lifecycle salt-agency@1.0.0~watch: CWD: /Users/devanflaherty/Repositories/Salt/jekyll-site
11 silly lifecycle salt-agency@1.0.0~watch: Args: [ '-c', 'gulp watch' ]
12 silly lifecycle salt-agency@1.0.0~watch: Returned: code: 1  signal: null
13 info lifecycle salt-agency@1.0.0~watch: Failed to exec watch script
14 verbose stack Error: salt-agency@1.0.0 watch: `gulp watch`
14 verbose stack Exit status 1
14 verbose stack     at EventEmitter.<anonymous> (/usr/local/lib/node_modules/npm/lib/utils/lifecycle.js:255:16)
14 verbose stack     at emitTwo (events.js:100:13)
14 verbose stack     at EventEmitter.emit (events.js:185:7)
14 verbose stack     at ChildProcess.<anonymous> (/usr/local/lib/node_modules/npm/lib/utils/spawn.js:40:14)
14 verbose stack     at emitTwo (events.js:100:13)
14 verbose stack     at ChildProcess.emit (events.js:185:7)
14 verbose stack     at maybeClose (internal/child_process.js:827:16)
14 verbose stack     at Process.ChildProcess._handle.onexit (internal/child_process.js:211:5)
15 verbose pkgid salt-agency@1.0.0
16 verbose cwd /Users/devanflaherty/Repositories/Salt/jekyll-site
17 error Darwin 16.4.0
18 error argv "/usr/local/bin/node" "/usr/local/bin/npm" "run" "watch"
19 error node v5.6.0
20 error npm  v3.10.9
21 error code ELIFECYCLE
22 error salt-agency@1.0.0 watch: `gulp watch`
22 error Exit status 1
23 error Failed at the salt-agency@1.0.0 watch script 'gulp watch'.
23 error Make sure you have the latest version of node.js and npm installed.
23 error If you do, this is most likely a problem with the salt-agency package,
23 error not with npm itself.
23 error Tell the author that this fails on your system:
23 error     gulp watch
23 error You can get information on how to open an issue for this project with:
23 error     npm bugs salt-agency
23 error Or if that isn't available, you can get their info via:
23 error     npm owner ls salt-agency
23 error There is likely additional logging output above.
24 verbose exit [ 1, true ]
